This is pdfTeX, Version 3.141592653-2.6-1.40.26 (MiKTeX 24.4) (preloaded format=pdflatex 2024.9.8)  21 NOV 2024 01:08
entering extended mode
 restricted \write18 enabled.
 file:line:error style messages enabled.
 %&-line parsing enabled.
**"c:/Users/Eliza Kishan/Downloads/SRP Data-20241121T020414Z-001/LaTex/main.tex"
(c:/Users/Eliza Kishan/Downloads/SRP Data-20241121T020414Z-001/LaTex/main.tex
LaTeX2e <2024-06-01> patch level 2
L3 programming layer <2024-08-16>
(C:\Users\Eliza Kishan\AppData\Local\Programs\MiKTeX\tex/latex/base\article.cls
Document Class: article 2024/02/08 v1.4n Standard LaTeX document class
(C:\Users\Eliza Kishan\AppData\Local\Programs\MiKTeX\tex/latex/base\size10.clo
File: size10.clo 2024/02/08 v1.4n Standard LaTeX file (size option)
)
\c@part=\count194
\c@section=\count195
\c@subsection=\count196
\c@subsubsection=\count197
\c@paragraph=\count198
\c@subparagraph=\count199
\c@figure=\count266
\c@table=\count267
\abovecaptionskip=\skip49
\belowcaptionskip=\skip50
\bibindent=\dimen141
) (C:\Users\Eliza Kishan\AppData\Local\Programs\MiKTeX\tex/latex/base\inputenc.sty
Package: inputenc 2024/02/08 v1.3d Input encoding file
\inpenc@prehook=\toks17
\inpenc@posthook=\toks18
) (C:\Users\Eliza Kishan\AppData\Local\Programs\MiKTeX\tex/latex/pgf/frontendlayer\tikz.sty (C:\Users\Eliza Kishan\AppData\Local\Programs\MiKTeX\tex/latex/pgf/basiclayer\pgf.sty (C:\Users\Eliza Kishan\AppData\Local\Programs\MiKTeX\tex/latex/pgf/utilities\pgfrcs.sty (C:\Users\Eliza Kishan\AppData\Local\Programs\MiKTeX\tex/generic/pgf/utilities\pgfutil-common.tex
\pgfutil@everybye=\toks19
\pgfutil@tempdima=\dimen142
\pgfutil@tempdimb=\dimen143
) (C:\Users\Eliza Kishan\AppData\Local\Programs\MiKTeX\tex/generic/pgf/utilities\pgfutil-latex.def
\pgfutil@abb=\box52
) (C:\Users\Eliza Kishan\AppData\Local\Programs\MiKTeX\tex/generic/pgf/utilities\pgfrcs.code.tex (C:\Users\Eliza Kishan\AppData\Local\Programs\MiKTeX\tex/generic/pgf\pgf.revision.tex)
Package: pgfrcs 2023-01-15 v3.1.10 (3.1.10)
))
Package: pgf 2023-01-15 v3.1.10 (3.1.10)
 (C:\Users\Eliza Kishan\AppData\Local\Programs\MiKTeX\tex/latex/pgf/basiclayer\pgfcore.sty (C:\Users\Eliza Kishan\AppData\Local\Programs\MiKTeX\tex/latex/graphics\graphicx.sty
Package: graphicx 2021/09/16 v1.2d Enhanced LaTeX Graphics (DPC,SPQR)
 (C:\Users\Eliza Kishan\AppData\Local\Programs\MiKTeX\tex/latex/graphics\keyval.sty
Package: keyval 2022/05/29 v1.15 key=value parser (DPC)
\KV@toks@=\toks20
) (C:\Users\Eliza Kishan\AppData\Local\Programs\MiKTeX\tex/latex/graphics\graphics.sty
Package: graphics 2024/05/23 v1.4g Standard LaTeX Graphics (DPC,SPQR)
 (C:\Users\Eliza Kishan\AppData\Local\Programs\MiKTeX\tex/latex/graphics\trig.sty
Package: trig 2023/12/02 v1.11 sin cos tan (DPC)
) (C:\Users\Eliza Kishan\AppData\Local\Programs\MiKTeX\tex/latex/graphics-cfg\graphics.cfg
File: graphics.cfg 2016/06/04 v1.11 sample graphics configuration
)
Package graphics Info: Driver file: pdftex.def on input line 106.
 (C:\Users\Eliza Kishan\AppData\Local\Programs\MiKTeX\tex/latex/graphics-def\pdftex.def
File: pdftex.def 2024/04/13 v1.2c Graphics/color driver for pdftex
))
\Gin@req@height=\dimen144
\Gin@req@width=\dimen145
) (C:\Users\Eliza Kishan\AppData\Local\Programs\MiKTeX\tex/latex/pgf/systemlayer\pgfsys.sty (C:\Users\Eliza Kishan\AppData\Local\Programs\MiKTeX\tex/generic/pgf/systemlayer\pgfsys.code.tex
Package: pgfsys 2023-01-15 v3.1.10 (3.1.10)
 (C:\Users\Eliza Kishan\AppData\Local\Programs\MiKTeX\tex/generic/pgf/utilities\pgfkeys.code.tex
\pgfkeys@pathtoks=\toks21
\pgfkeys@temptoks=\toks22
 (C:\Users\Eliza Kishan\AppData\Local\Programs\MiKTeX\tex/generic/pgf/utilities\pgfkeyslibraryfiltered.code.tex
\pgfkeys@tmptoks=\toks23
))
\pgf@x=\dimen146
\pgf@y=\dimen147
\pgf@xa=\dimen148
\pgf@ya=\dimen149
\pgf@xb=\dimen150
\pgf@yb=\dimen151
\pgf@xc=\dimen152
\pgf@yc=\dimen153
\pgf@xd=\dimen154
\pgf@yd=\dimen155
\w@pgf@writea=\write3
\r@pgf@reada=\read2
\c@pgf@counta=\count268
\c@pgf@countb=\count269
\c@pgf@countc=\count270
\c@pgf@countd=\count271
\t@pgf@toka=\toks24
\t@pgf@tokb=\toks25
\t@pgf@tokc=\toks26
\pgf@sys@id@count=\count272
 (C:\Users\Eliza Kishan\AppData\Local\Programs\MiKTeX\tex/generic/pgf/systemlayer\pgf.cfg
File: pgf.cfg 2023-01-15 v3.1.10 (3.1.10)
)
Driver file for pgf: pgfsys-pdftex.def
 (C:\Users\Eliza Kishan\AppData\Local\Programs\MiKTeX\tex/generic/pgf/systemlayer\pgfsys-pdftex.def
File: pgfsys-pdftex.def 2023-01-15 v3.1.10 (3.1.10)
 (C:\Users\Eliza Kishan\AppData\Local\Programs\MiKTeX\tex/generic/pgf/systemlayer\pgfsys-common-pdf.def
File: pgfsys-common-pdf.def 2023-01-15 v3.1.10 (3.1.10)
))) (C:\Users\Eliza Kishan\AppData\Local\Programs\MiKTeX\tex/generic/pgf/systemlayer\pgfsyssoftpath.code.tex
File: pgfsyssoftpath.code.tex 2023-01-15 v3.1.10 (3.1.10)
\pgfsyssoftpath@smallbuffer@items=\count273
\pgfsyssoftpath@bigbuffer@items=\count274
) (C:\Users\Eliza Kishan\AppData\Local\Programs\MiKTeX\tex/generic/pgf/systemlayer\pgfsysprotocol.code.tex
File: pgfsysprotocol.code.tex 2023-01-15 v3.1.10 (3.1.10)
)) (C:\Users\Eliza Kishan\AppData\Local\Programs\MiKTeX\tex/latex/xcolor\xcolor.sty
Package: xcolor 2023/11/15 v3.01 LaTeX color extensions (UK)
 (C:\Users\Eliza Kishan\AppData\Local\Programs\MiKTeX\tex/latex/graphics-cfg\color.cfg
File: color.cfg 2016/01/02 v1.6 sample color configuration
)
Package xcolor Info: Driver file: pdftex.def on input line 274.
 (C:\Users\Eliza Kishan\AppData\Local\Programs\MiKTeX\tex/latex/graphics\mathcolor.ltx)
Package xcolor Info: Model `cmy' substituted by `cmy0' on input line 1350.
Package xcolor Info: Model `hsb' substituted by `rgb' on input line 1354.
Package xcolor Info: Model `RGB' extended on input line 1366.
Package xcolor Info: Model `HTML' substituted by `rgb' on input line 1368.
Package xcolor Info: Model `Hsb' substituted by `hsb' on input line 1369.
Package xcolor Info: Model `tHsb' substituted by `hsb' on input line 1370.
Package xcolor Info: Model `HSB' substituted by `hsb' on input line 1371.
Package xcolor Info: Model `Gray' substituted by `gray' on input line 1372.
Package xcolor Info: Model `wave' substituted by `hsb' on input line 1373.
) (C:\Users\Eliza Kishan\AppData\Local\Programs\MiKTeX\tex/generic/pgf/basiclayer\pgfcore.code.tex
Package: pgfcore 2023-01-15 v3.1.10 (3.1.10)
 (C:\Users\Eliza Kishan\AppData\Local\Programs\MiKTeX\tex/generic/pgf/math\pgfmath.code.tex (C:\Users\Eliza Kishan\AppData\Local\Programs\MiKTeX\tex/generic/pgf/math\pgfmathutil.code.tex) (C:\Users\Eliza Kishan\AppData\Local\Programs\MiKTeX\tex/generic/pgf/math\pgfmathparser.code.tex
\pgfmath@dimen=\dimen156
\pgfmath@count=\count275
\pgfmath@box=\box53
\pgfmath@toks=\toks27
\pgfmath@stack@operand=\toks28
\pgfmath@stack@operation=\toks29
) (C:\Users\Eliza Kishan\AppData\Local\Programs\MiKTeX\tex/generic/pgf/math\pgfmathfunctions.code.tex) (C:\Users\Eliza Kishan\AppData\Local\Programs\MiKTeX\tex/generic/pgf/math\pgfmathfunctions.basic.code.tex) (C:\Users\Eliza Kishan\AppData\Local\Programs\MiKTeX\tex/generic/pgf/math\pgfmathfunctions.trigonometric.code.tex) (C:\Users\Eliza Kishan\AppData\Local\Programs\MiKTeX\tex/generic/pgf/math\pgfmathfunctions.random.code.tex) (C:\Users\Eliza Kishan\AppData\Local\Programs\MiKTeX\tex/generic/pgf/math\pgfmathfunctions.comparison.code.tex) (C:\Users\Eliza Kishan\AppData\Local\Programs\MiKTeX\tex/generic/pgf/math\pgfmathfunctions.base.code.tex) (C:\Users\Eliza Kishan\AppData\Local\Programs\MiKTeX\tex/generic/pgf/math\pgfmathfunctions.round.code.tex) (C:\Users\Eliza Kishan\AppData\Local\Programs\MiKTeX\tex/generic/pgf/math\pgfmathfunctions.misc.code.tex) (C:\Users\Eliza Kishan\AppData\Local\Programs\MiKTeX\tex/generic/pgf/math\pgfmathfunctions.integerarithmetics.code.tex) (C:\Users\Eliza Kishan\AppData\Local\Programs\MiKTeX\tex/generic/pgf/math\pgfmathcalc.code.tex) (C:\Users\Eliza Kishan\AppData\Local\Programs\MiKTeX\tex/generic/pgf/math\pgfmathfloat.code.tex
\c@pgfmathroundto@lastzeros=\count276
)) (C:\Users\Eliza Kishan\AppData\Local\Programs\MiKTeX\tex/generic/pgf/math\pgfint.code.tex) (C:\Users\Eliza Kishan\AppData\Local\Programs\MiKTeX\tex/generic/pgf/basiclayer\pgfcorepoints.code.tex
File: pgfcorepoints.code.tex 2023-01-15 v3.1.10 (3.1.10)
\pgf@picminx=\dimen157
\pgf@picmaxx=\dimen158
\pgf@picminy=\dimen159
\pgf@picmaxy=\dimen160
\pgf@pathminx=\dimen161
\pgf@pathmaxx=\dimen162
\pgf@pathminy=\dimen163
\pgf@pathmaxy=\dimen164
\pgf@xx=\dimen165
\pgf@xy=\dimen166
\pgf@yx=\dimen167
\pgf@yy=\dimen168
\pgf@zx=\dimen169
\pgf@zy=\dimen170
) (C:\Users\Eliza Kishan\AppData\Local\Programs\MiKTeX\tex/generic/pgf/basiclayer\pgfcorepathconstruct.code.tex
File: pgfcorepathconstruct.code.tex 2023-01-15 v3.1.10 (3.1.10)
\pgf@path@lastx=\dimen171
\pgf@path@lasty=\dimen172
) (C:\Users\Eliza Kishan\AppData\Local\Programs\MiKTeX\tex/generic/pgf/basiclayer\pgfcorepathusage.code.tex
File: pgfcorepathusage.code.tex 2023-01-15 v3.1.10 (3.1.10)
\pgf@shorten@end@additional=\dimen173
\pgf@shorten@start@additional=\dimen174
) (C:\Users\Eliza Kishan\AppData\Local\Programs\MiKTeX\tex/generic/pgf/basiclayer\pgfcorescopes.code.tex
File: pgfcorescopes.code.tex 2023-01-15 v3.1.10 (3.1.10)
\pgfpic=\box54
\pgf@hbox=\box55
\pgf@layerbox@main=\box56
\pgf@picture@serial@count=\count277
) (C:\Users\Eliza Kishan\AppData\Local\Programs\MiKTeX\tex/generic/pgf/basiclayer\pgfcoregraphicstate.code.tex
File: pgfcoregraphicstate.code.tex 2023-01-15 v3.1.10 (3.1.10)
\pgflinewidth=\dimen175
) (C:\Users\Eliza Kishan\AppData\Local\Programs\MiKTeX\tex/generic/pgf/basiclayer\pgfcoretransformations.code.tex
File: pgfcoretransformations.code.tex 2023-01-15 v3.1.10 (3.1.10)
\pgf@pt@x=\dimen176
\pgf@pt@y=\dimen177
\pgf@pt@temp=\dimen178
) (C:\Users\Eliza Kishan\AppData\Local\Programs\MiKTeX\tex/generic/pgf/basiclayer\pgfcorequick.code.tex
File: pgfcorequick.code.tex 2023-01-15 v3.1.10 (3.1.10)
) (C:\Users\Eliza Kishan\AppData\Local\Programs\MiKTeX\tex/generic/pgf/basiclayer\pgfcoreobjects.code.tex
File: pgfcoreobjects.code.tex 2023-01-15 v3.1.10 (3.1.10)
) (C:\Users\Eliza Kishan\AppData\Local\Programs\MiKTeX\tex/generic/pgf/basiclayer\pgfcorepathprocessing.code.tex
File: pgfcorepathprocessing.code.tex 2023-01-15 v3.1.10 (3.1.10)
) (C:\Users\Eliza Kishan\AppData\Local\Programs\MiKTeX\tex/generic/pgf/basiclayer\pgfcorearrows.code.tex
File: pgfcorearrows.code.tex 2023-01-15 v3.1.10 (3.1.10)
\pgfarrowsep=\dimen179
) (C:\Users\Eliza Kishan\AppData\Local\Programs\MiKTeX\tex/generic/pgf/basiclayer\pgfcoreshade.code.tex
File: pgfcoreshade.code.tex 2023-01-15 v3.1.10 (3.1.10)
\pgf@max=\dimen180
\pgf@sys@shading@range@num=\count278
\pgf@shadingcount=\count279
) (C:\Users\Eliza Kishan\AppData\Local\Programs\MiKTeX\tex/generic/pgf/basiclayer\pgfcoreimage.code.tex
File: pgfcoreimage.code.tex 2023-01-15 v3.1.10 (3.1.10)
) (C:\Users\Eliza Kishan\AppData\Local\Programs\MiKTeX\tex/generic/pgf/basiclayer\pgfcoreexternal.code.tex
File: pgfcoreexternal.code.tex 2023-01-15 v3.1.10 (3.1.10)
\pgfexternal@startupbox=\box57
) (C:\Users\Eliza Kishan\AppData\Local\Programs\MiKTeX\tex/generic/pgf/basiclayer\pgfcorelayers.code.tex
File: pgfcorelayers.code.tex 2023-01-15 v3.1.10 (3.1.10)
) (C:\Users\Eliza Kishan\AppData\Local\Programs\MiKTeX\tex/generic/pgf/basiclayer\pgfcoretransparency.code.tex
File: pgfcoretransparency.code.tex 2023-01-15 v3.1.10 (3.1.10)
) (C:\Users\Eliza Kishan\AppData\Local\Programs\MiKTeX\tex/generic/pgf/basiclayer\pgfcorepatterns.code.tex
File: pgfcorepatterns.code.tex 2023-01-15 v3.1.10 (3.1.10)
) (C:\Users\Eliza Kishan\AppData\Local\Programs\MiKTeX\tex/generic/pgf/basiclayer\pgfcorerdf.code.tex
File: pgfcorerdf.code.tex 2023-01-15 v3.1.10 (3.1.10)
))) (C:\Users\Eliza Kishan\AppData\Local\Programs\MiKTeX\tex/generic/pgf/modules\pgfmoduleshapes.code.tex
File: pgfmoduleshapes.code.tex 2023-01-15 v3.1.10 (3.1.10)
\pgfnodeparttextbox=\box58
) (C:\Users\Eliza Kishan\AppData\Local\Programs\MiKTeX\tex/generic/pgf/modules\pgfmoduleplot.code.tex
File: pgfmoduleplot.code.tex 2023-01-15 v3.1.10 (3.1.10)
) (C:\Users\Eliza Kishan\AppData\Local\Programs\MiKTeX\tex/latex/pgf/compatibility\pgfcomp-version-0-65.sty
Package: pgfcomp-version-0-65 2023-01-15 v3.1.10 (3.1.10)
\pgf@nodesepstart=\dimen181
\pgf@nodesepend=\dimen182
) (C:\Users\Eliza Kishan\AppData\Local\Programs\MiKTeX\tex/latex/pgf/compatibility\pgfcomp-version-1-18.sty
Package: pgfcomp-version-1-18 2023-01-15 v3.1.10 (3.1.10)
)) (C:\Users\Eliza Kishan\AppData\Local\Programs\MiKTeX\tex/latex/pgf/utilities\pgffor.sty (C:\Users\Eliza Kishan\AppData\Local\Programs\MiKTeX\tex/latex/pgf/utilities\pgfkeys.sty (C:\Users\Eliza Kishan\AppData\Local\Programs\MiKTeX\tex/generic/pgf/utilities\pgfkeys.code.tex)) (C:\Users\Eliza Kishan\AppData\Local\Programs\MiKTeX\tex/latex/pgf/math\pgfmath.sty (C:\Users\Eliza Kishan\AppData\Local\Programs\MiKTeX\tex/generic/pgf/math\pgfmath.code.tex)) (C:\Users\Eliza Kishan\AppData\Local\Programs\MiKTeX\tex/generic/pgf/utilities\pgffor.code.tex
Package: pgffor 2023-01-15 v3.1.10 (3.1.10)
\pgffor@iter=\dimen183
\pgffor@skip=\dimen184
\pgffor@stack=\toks30
\pgffor@toks=\toks31
)) (C:\Users\Eliza Kishan\AppData\Local\Programs\MiKTeX\tex/generic/pgf/frontendlayer/tikz\tikz.code.tex
Package: tikz 2023-01-15 v3.1.10 (3.1.10)
 (C:\Users\Eliza Kishan\AppData\Local\Programs\MiKTeX\tex/generic/pgf/libraries\pgflibraryplothandlers.code.tex
File: pgflibraryplothandlers.code.tex 2023-01-15 v3.1.10 (3.1.10)
\pgf@plot@mark@count=\count280
\pgfplotmarksize=\dimen185
)
\tikz@lastx=\dimen186
\tikz@lasty=\dimen187
\tikz@lastxsaved=\dimen188
\tikz@lastysaved=\dimen189
\tikz@lastmovetox=\dimen190
\tikz@lastmovetoy=\dimen191
\tikzleveldistance=\dimen192
\tikzsiblingdistance=\dimen193
\tikz@figbox=\box59
\tikz@figbox@bg=\box60
\tikz@tempbox=\box61
\tikz@tempbox@bg=\box62
\tikztreelevel=\count281
\tikznumberofchildren=\count282
\tikznumberofcurrentchild=\count283
\tikz@fig@count=\count284
 (C:\Users\Eliza Kishan\AppData\Local\Programs\MiKTeX\tex/generic/pgf/modules\pgfmodulematrix.code.tex
File: pgfmodulematrix.code.tex 2023-01-15 v3.1.10 (3.1.10)
\pgfmatrixcurrentrow=\count285
\pgfmatrixcurrentcolumn=\count286
\pgf@matrix@numberofcolumns=\count287
)
\tikz@expandcount=\count288
 (C:\Users\Eliza Kishan\AppData\Local\Programs\MiKTeX\tex/generic/pgf/frontendlayer/tikz/libraries\tikzlibrarytopaths.code.tex
File: tikzlibrarytopaths.code.tex 2023-01-15 v3.1.10 (3.1.10)
))) (C:\Users\Eliza Kishan\AppData\Local\Programs\MiKTeX\tex/latex/tikz-cd\tikz-cd.sty
Package: tikz-cd 2021/05/04 v1.0 Commutative diagrams with TikZ
 (C:\Users\Eliza Kishan\AppData\Local\Programs\MiKTeX\tex/latex/tikz-cd\tikzlibrarycd.code.tex (C:\Users\Eliza Kishan\AppData\Local\Programs\MiKTeX\tex/generic/pgf/frontendlayer/tikz/libraries\tikzlibrarymatrix.code.tex
File: tikzlibrarymatrix.code.tex 2023-01-15 v3.1.10 (3.1.10)
) (C:\Users\Eliza Kishan\AppData\Local\Programs\MiKTeX\tex/generic/pgf/frontendlayer/tikz/libraries\tikzlibraryquotes.code.tex
File: tikzlibraryquotes.code.tex 2023-01-15 v3.1.10 (3.1.10)
) (C:\Users\Eliza Kishan\AppData\Local\Programs\MiKTeX\tex/generic/pgf/libraries\pgflibraryarrows.meta.code.tex
File: pgflibraryarrows.meta.code.tex 2023-01-15 v3.1.10 (3.1.10)
\pgfarrowinset=\dimen194
\pgfarrowlength=\dimen195
\pgfarrowwidth=\dimen196
\pgfarrowlinewidth=\dimen197
))) (C:\Users\Eliza Kishan\AppData\Local\Programs\MiKTeX\tex/latex/pgfplots\pgfplots.sty (C:\Users\Eliza Kishan\AppData\Local\Programs\MiKTeX\tex/generic/pgfplots\pgfplots.revision.tex)
Package: pgfplots 2021/05/15 v1.18.1 Data Visualization (1.18.1)
 (C:\Users\Eliza Kishan\AppData\Local\Programs\MiKTeX\tex/generic/pgfplots\pgfplots.code.tex (C:\Users\Eliza Kishan\AppData\Local\Programs\MiKTeX\tex/generic/pgfplots\pgfplotscore.code.tex
\t@pgfplots@toka=\toks32
\t@pgfplots@tokb=\toks33
\t@pgfplots@tokc=\toks34
\pgfplots@tmpa=\dimen198
\c@pgfplots@coordindex=\count289
\c@pgfplots@scanlineindex=\count290
 (C:\Users\Eliza Kishan\AppData\Local\Programs\MiKTeX\tex/generic/pgfplots/sys\pgfplotssysgeneric.code.tex)) (C:\Users\Eliza Kishan\AppData\Local\Programs\MiKTeX\tex/generic/pgfplots/libs\pgfplotslibrary.code.tex) (C:\Users\Eliza Kishan\AppData\Local\Programs\MiKTeX\tex/generic/pgfplots/oldpgfcompatib\pgfplotsoldpgfsupp_loader.code.tex (C:\Users\Eliza Kishan\AppData\Local\Programs\MiKTeX\tex/generic/pgf/libraries\pgflibraryfpu.code.tex)
Package pgfplots: loading complementary utilities for your pgf version...
\t@pgf@toka=\toks35
\t@pgf@tokb=\toks36
\t@pgf@tokc=\toks37
(C:\Users\Eliza Kishan\AppData\Local\Programs\MiKTeX\tex/generic/pgfplots/oldpgfcompatib\pgfplotsoldpgfsupp_pgfutil-common-lists.tex)) (C:\Users\Eliza Kishan\AppData\Local\Programs\MiKTeX\tex/generic/pgfplots/util\pgfplotsutil.code.tex (C:\Users\Eliza Kishan\AppData\Local\Programs\MiKTeX\tex/generic/pgfplots/liststructure\pgfplotsliststructure.code.tex) (C:\Users\Eliza Kishan\AppData\Local\Programs\MiKTeX\tex/generic/pgfplots/liststructure\pgfplotsliststructureext.code.tex) (C:\Users\Eliza Kishan\AppData\Local\Programs\MiKTeX\tex/generic/pgfplots/liststructure\pgfplotsarray.code.tex
\c@pgfplotsarray@tmp=\count291
) (C:\Users\Eliza Kishan\AppData\Local\Programs\MiKTeX\tex/generic/pgfplots/liststructure\pgfplotsmatrix.code.tex) (C:\Users\Eliza Kishan\AppData\Local\Programs\MiKTeX\tex/generic/pgfplots/numtable\pgfplotstableshared.code.tex
\c@pgfplotstable@counta=\count292
\t@pgfplotstable@a=\toks38
) (C:\Users\Eliza Kishan\AppData\Local\Programs\MiKTeX\tex/generic/pgfplots/liststructure\pgfplotsdeque.code.tex) (C:\Users\Eliza Kishan\AppData\Local\Programs\MiKTeX\tex/generic/pgfplots/util\pgfplotsbinary.code.tex (C:\Users\Eliza Kishan\AppData\Local\Programs\MiKTeX\tex/generic/pgfplots/util\pgfplotsbinary.data.code.tex)) (C:\Users\Eliza Kishan\AppData\Local\Programs\MiKTeX\tex/generic/pgfplots/util\pgfplotsutil.verb.code.tex) (C:\Users\Eliza Kishan\AppData\Local\Programs\MiKTeX\tex/generic/pgfplots/libs\pgflibrarypgfplots.surfshading.code.tex
\c@pgfplotslibrarysurf@no=\count293
 (C:\Users\Eliza Kishan\AppData\Local\Programs\MiKTeX\tex/generic/pgfplots/sys\pgflibrarypgfplots.surfshading.pgfsys-pdftex.def))) (C:\Users\Eliza Kishan\AppData\Local\Programs\MiKTeX\tex/generic/pgfplots/util\pgfplotscolormap.code.tex (C:\Users\Eliza Kishan\AppData\Local\Programs\MiKTeX\tex/generic/pgfplots/util\pgfplotscolor.code.tex)) (C:\Users\Eliza Kishan\AppData\Local\Programs\MiKTeX\tex/generic/pgfplots\pgfplotsstackedplots.code.tex) (C:\Users\Eliza Kishan\AppData\Local\Programs\MiKTeX\tex/generic/pgfplots\pgfplotsplothandlers.code.tex (C:\Users\Eliza Kishan\AppData\Local\Programs\MiKTeX\tex/generic/pgfplots\pgfplotsmeshplothandler.code.tex (C:\Users\Eliza Kishan\AppData\Local\Programs\MiKTeX\tex/generic/pgfplots\pgfplotsmeshplotimage.code.tex))) (C:\Users\Eliza Kishan\AppData\Local\Programs\MiKTeX\tex/generic/pgfplots\pgfplots.scaling.code.tex) (C:\Users\Eliza Kishan\AppData\Local\Programs\MiKTeX\tex/generic/pgfplots\pgfplotscoordprocessing.code.tex) (C:\Users\Eliza Kishan\AppData\Local\Programs\MiKTeX\tex/generic/pgfplots\pgfplots.errorbars.code.tex) (C:\Users\Eliza Kishan\AppData\Local\Programs\MiKTeX\tex/generic/pgfplots\pgfplots.markers.code.tex) (C:\Users\Eliza Kishan\AppData\Local\Programs\MiKTeX\tex/generic/pgfplots\pgfplotsticks.code.tex) (C:\Users\Eliza Kishan\AppData\Local\Programs\MiKTeX\tex/generic/pgfplots\pgfplots.paths.code.tex) (C:\Users\Eliza Kishan\AppData\Local\Programs\MiKTeX\tex/generic/pgf/frontendlayer/tikz/libraries\tikzlibrarydecorations.code.tex (C:\Users\Eliza Kishan\AppData\Local\Programs\MiKTeX\tex/generic/pgf/modules\pgfmoduledecorations.code.tex
\pgfdecoratedcompleteddistance=\dimen199
\pgfdecoratedremainingdistance=\dimen256
\pgfdecoratedinputsegmentcompleteddistance=\dimen257
\pgfdecoratedinputsegmentremainingdistance=\dimen258
\pgf@decorate@distancetomove=\dimen259
\pgf@decorate@repeatstate=\count294
\pgfdecorationsegmentamplitude=\dimen260
\pgfdecorationsegmentlength=\dimen261
)
\tikz@lib@dec@box=\box63
) (C:\Users\Eliza Kishan\AppData\Local\Programs\MiKTeX\tex/generic/pgf/frontendlayer/tikz/libraries\tikzlibrarydecorations.pathmorphing.code.tex (C:\Users\Eliza Kishan\AppData\Local\Programs\MiKTeX\tex/generic/pgf/libraries/decorations\pgflibrarydecorations.pathmorphing.code.tex)) (C:\Users\Eliza Kishan\AppData\Local\Programs\MiKTeX\tex/generic/pgf/frontendlayer/tikz/libraries\tikzlibrarydecorations.pathreplacing.code.tex (C:\Users\Eliza Kishan\AppData\Local\Programs\MiKTeX\tex/generic/pgf/libraries/decorations\pgflibrarydecorations.pathreplacing.code.tex)) (C:\Users\Eliza Kishan\AppData\Local\Programs\MiKTeX\tex/generic/pgfplots/libs\tikzlibrarypgfplots.contourlua.code.tex)
\pgfplots@numplots=\count295
\pgfplots@xmin@reg=\dimen262
\pgfplots@xmax@reg=\dimen263
\pgfplots@ymin@reg=\dimen264
\pgfplots@ymax@reg=\dimen265
\pgfplots@zmin@reg=\dimen266
\pgfplots@zmax@reg=\dimen267
) (C:\Users\Eliza Kishan\AppData\Local\Programs\MiKTeX\tex/generic/pgf/frontendlayer/tikz/libraries\tikzlibraryplotmarks.code.tex
File: tikzlibraryplotmarks.code.tex 2023-01-15 v3.1.10 (3.1.10)
 (C:\Users\Eliza Kishan\AppData\Local\Programs\MiKTeX\tex/generic/pgf/libraries\pgflibraryplotmarks.code.tex
File: pgflibraryplotmarks.code.tex 2023-01-15 v3.1.10 (3.1.10)
))) (C:\Users\Eliza Kishan\AppData\Local\Programs\MiKTeX\tex/latex/l3backend\l3backend-pdftex.def
File: l3backend-pdftex.def 2024-05-08 L3 backend support: PDF output (pdfTeX)
\l__color_backend_stack_int=\count296
\l__pdf_internal_box=\box64
) (main.aux)
\openout1 = `main.aux'.

LaTeX Font Info:    Checking defaults for OML/cmm/m/it on input line 13.
LaTeX Font Info:    ... okay on input line 13.
LaTeX Font Info:    Checking defaults for OMS/cmsy/m/n on input line 13.
LaTeX Font Info:    ... okay on input line 13.
LaTeX Font Info:    Checking defaults for OT1/cmr/m/n on input line 13.
LaTeX Font Info:    ... okay on input line 13.
LaTeX Font Info:    Checking defaults for T1/cmr/m/n on input line 13.
LaTeX Font Info:    ... okay on input line 13.
LaTeX Font Info:    Checking defaults for TS1/cmr/m/n on input line 13.
LaTeX Font Info:    ... okay on input line 13.
LaTeX Font Info:    Checking defaults for OMX/cmex/m/n on input line 13.
LaTeX Font Info:    ... okay on input line 13.
LaTeX Font Info:    Checking defaults for U/cmr/m/n on input line 13.
LaTeX Font Info:    ... okay on input line 13.
 (C:\Users\Eliza Kishan\AppData\Local\Programs\MiKTeX\tex/context/base/mkii\supp-pdf.mkii
[Loading MPS to PDF converter (version 2006.09.02).]
\scratchcounter=\count297
\scratchdimen=\dimen268
\scratchbox=\box65
\nofMPsegments=\count298
\nofMParguments=\count299
\everyMPshowfont=\toks39
\MPscratchCnt=\count300
\MPscratchDim=\dimen269
\MPnumerator=\count301
\makeMPintoPDFobject=\count302
\everyMPtoPDFconversion=\toks40
) (C:\Users\Eliza Kishan\AppData\Local\Programs\MiKTeX\tex/latex/epstopdf-pkg\epstopdf-base.sty
Package: epstopdf-base 2020-01-24 v2.11 Base part for package epstopdf
Package epstopdf-base Info: Redefining graphics rule for `.eps' on input line 485.
 (C:\Users\Eliza Kishan\AppData\Local\Programs\MiKTeX\tex/latex/00miktex\epstopdf-sys.cfg
File: epstopdf-sys.cfg 2021/03/18 v2.0 Configuration of epstopdf for MiKTeX
))
Package pgfplots notification 'compat/show suggested version=true': you might benefit from \pgfplotsset{compat=1.18} (current compat level: 1.14).

LaTeX Font Info:    External font `cmex10' loaded for size
(Font)              <12> on input line 14.
LaTeX Font Info:    External font `cmex10' loaded for size
(Font)              <8> on input line 14.
LaTeX Font Info:    External font `cmex10' loaded for size
(Font)              <6> on input line 14.
(acid.pgf
LaTeX Font Info:    External font `cmex10' loaded for size
(Font)              <7> on input line 93.
LaTeX Font Info:    External font `cmex10' loaded for size
(Font)              <5> on input line 93.

acid.pgf:93: Undefined control sequence.
<recently read> \mathdefault 
                             
l.93 ...}\catcode`\%=\active\def%{\%}$\mathdefault
                                                  {400}$}}%
The control sequence at the end of the top line
of your error message was never \def'ed. If you have
misspelled it (e.g., `\hobx'), type `I' and the correct
spelling (e.g., `I\hbox'). Otherwise just continue,
and I'll forget about whatever was undefined.

acid.pgf:118: Undefined control sequence.
<recently read> \mathdefault 
                             
l.118 ...\catcode`\%=\active\def%{\%}$\mathdefault
                                                  {500}$}}%
The control sequence at the end of the top line
of your error message was never \def'ed. If you have
misspelled it (e.g., `\hobx'), type `I' and the correct
spelling (e.g., `I\hbox'). Otherwise just continue,
and I'll forget about whatever was undefined.

acid.pgf:143: Undefined control sequence.
<recently read> \mathdefault 
                             
l.143 ...\catcode`\%=\active\def%{\%}$\mathdefault
                                                  {600}$}}%
The control sequence at the end of the top line
of your error message was never \def'ed. If you have
misspelled it (e.g., `\hobx'), type `I' and the correct
spelling (e.g., `I\hbox'). Otherwise just continue,
and I'll forget about whatever was undefined.

acid.pgf:168: Undefined control sequence.
<recently read> \mathdefault 
                             
l.168 ...\catcode`\%=\active\def%{\%}$\mathdefault
                                                  {700}$}}%
The control sequence at the end of the top line
of your error message was never \def'ed. If you have
misspelled it (e.g., `\hobx'), type `I' and the correct
spelling (e.g., `I\hbox'). Otherwise just continue,
and I'll forget about whatever was undefined.

acid.pgf:193: Undefined control sequence.
<recently read> \mathdefault 
                             
l.193 ...\catcode`\%=\active\def%{\%}$\mathdefault
                                                  {800}$}}%
The control sequence at the end of the top line
of your error message was never \def'ed. If you have
misspelled it (e.g., `\hobx'), type `I' and the correct
spelling (e.g., `I\hbox'). Otherwise just continue,
and I'll forget about whatever was undefined.

acid.pgf:218: Undefined control sequence.
<recently read> \mathdefault 
                             
l.218 ...\catcode`\%=\active\def%{\%}$\mathdefault
                                                  {900}$}}%
The control sequence at the end of the top line
of your error message was never \def'ed. If you have
misspelled it (e.g., `\hobx'), type `I' and the correct
spelling (e.g., `I\hbox'). Otherwise just continue,
and I'll forget about whatever was undefined.

acid.pgf:249: Undefined control sequence.
<recently read> \mathdefault 
                             
l.249 ...\catcode`\%=\active\def%{\%}$\mathdefault
                                                  {\ensuremath{-}0.02}$}}%
The control sequence at the end of the top line
of your error message was never \def'ed. If you have
misspelled it (e.g., `\hobx'), type `I' and the correct
spelling (e.g., `I\hbox'). Otherwise just continue,
and I'll forget about whatever was undefined.

acid.pgf:274: Undefined control sequence.
<recently read> \mathdefault 
                             
l.274 ...\catcode`\%=\active\def%{\%}$\mathdefault
                                                  {0.00}$}}%
The control sequence at the end of the top line
of your error message was never \def'ed. If you have
misspelled it (e.g., `\hobx'), type `I' and the correct
spelling (e.g., `I\hbox'). Otherwise just continue,
and I'll forget about whatever was undefined.

acid.pgf:299: Undefined control sequence.
<recently read> \mathdefault 
                             
l.299 ...\catcode`\%=\active\def%{\%}$\mathdefault
                                                  {0.02}$}}%
The control sequence at the end of the top line
of your error message was never \def'ed. If you have
misspelled it (e.g., `\hobx'), type `I' and the correct
spelling (e.g., `I\hbox'). Otherwise just continue,
and I'll forget about whatever was undefined.

acid.pgf:324: Undefined control sequence.
<recently read> \mathdefault 
                             
l.324 ...\catcode`\%=\active\def%{\%}$\mathdefault
                                                  {0.04}$}}%
The control sequence at the end of the top line
of your error message was never \def'ed. If you have
misspelled it (e.g., `\hobx'), type `I' and the correct
spelling (e.g., `I\hbox'). Otherwise just continue,
and I'll forget about whatever was undefined.

acid.pgf:349: Undefined control sequence.
<recently read> \mathdefault 
                             
l.349 ...\catcode`\%=\active\def%{\%}$\mathdefault
                                                  {0.06}$}}%
The control sequence at the end of the top line
of your error message was never \def'ed. If you have
misspelled it (e.g., `\hobx'), type `I' and the correct
spelling (e.g., `I\hbox'). Otherwise just continue,
and I'll forget about whatever was undefined.

)
Overfull \hbox (117.52756pt too wide) in paragraph at lines 4057--18
 [] 
 []

(controls.pgf
controls.pgf:93: Undefined control sequence.
<recently read> \mathdefault 
                             
l.93 ...}\catcode`\%=\active\def%{\%}$\mathdefault
                                                  {400}$}}%
The control sequence at the end of the top line
of your error message was never \def'ed. If you have
misspelled it (e.g., `\hobx'), type `I' and the correct
spelling (e.g., `I\hbox'). Otherwise just continue,
and I'll forget about whatever was undefined.

controls.pgf:118: Undefined control sequence.
<recently read> \mathdefault 
                             
l.118 ...\catcode`\%=\active\def%{\%}$\mathdefault
                                                  {500}$}}%
The control sequence at the end of the top line
of your error message was never \def'ed. If you have
misspelled it (e.g., `\hobx'), type `I' and the correct
spelling (e.g., `I\hbox'). Otherwise just continue,
and I'll forget about whatever was undefined.

controls.pgf:143: Undefined control sequence.
<recently read> \mathdefault 
                             
l.143 ...\catcode`\%=\active\def%{\%}$\mathdefault
                                                  {600}$}}%
The control sequence at the end of the top line
of your error message was never \def'ed. If you have
misspelled it (e.g., `\hobx'), type `I' and the correct
spelling (e.g., `I\hbox'). Otherwise just continue,
and I'll forget about whatever was undefined.

controls.pgf:168: Undefined control sequence.
<recently read> \mathdefault 
                             
l.168 ...\catcode`\%=\active\def%{\%}$\mathdefault
                                                  {700}$}}%
The control sequence at the end of the top line
of your error message was never \def'ed. If you have
misspelled it (e.g., `\hobx'), type `I' and the correct
spelling (e.g., `I\hbox'). Otherwise just continue,
and I'll forget about whatever was undefined.

controls.pgf:193: Undefined control sequence.
<recently read> \mathdefault 
                             
l.193 ...\catcode`\%=\active\def%{\%}$\mathdefault
                                                  {800}$}}%
The control sequence at the end of the top line
of your error message was never \def'ed. If you have
misspelled it (e.g., `\hobx'), type `I' and the correct
spelling (e.g., `I\hbox'). Otherwise just continue,
and I'll forget about whatever was undefined.

controls.pgf:218: Undefined control sequence.
<recently read> \mathdefault 
                             
l.218 ...\catcode`\%=\active\def%{\%}$\mathdefault
                                                  {900}$}}%
The control sequence at the end of the top line
of your error message was never \def'ed. If you have
misspelled it (e.g., `\hobx'), type `I' and the correct
spelling (e.g., `I\hbox'). Otherwise just continue,
and I'll forget about whatever was undefined.

controls.pgf:249: Undefined control sequence.
<recently read> \mathdefault 
                             
l.249 ...\catcode`\%=\active\def%{\%}$\mathdefault
                                                  {\ensuremath{-}0.02}$}}%
The control sequence at the end of the top line
of your error message was never \def'ed. If you have
misspelled it (e.g., `\hobx'), type `I' and the correct
spelling (e.g., `I\hbox'). Otherwise just continue,
and I'll forget about whatever was undefined.

controls.pgf:274: Undefined control sequence.
<recently read> \mathdefault 
                             
l.274 ...\catcode`\%=\active\def%{\%}$\mathdefault
                                                  {0.00}$}}%
The control sequence at the end of the top line
of your error message was never \def'ed. If you have
misspelled it (e.g., `\hobx'), type `I' and the correct
spelling (e.g., `I\hbox'). Otherwise just continue,
and I'll forget about whatever was undefined.

controls.pgf:299: Undefined control sequence.
<recently read> \mathdefault 
                             
l.299 ...\catcode`\%=\active\def%{\%}$\mathdefault
                                                  {0.02}$}}%
The control sequence at the end of the top line
of your error message was never \def'ed. If you have
misspelled it (e.g., `\hobx'), type `I' and the correct
spelling (e.g., `I\hbox'). Otherwise just continue,
and I'll forget about whatever was undefined.

controls.pgf:324: Undefined control sequence.
<recently read> \mathdefault 
                             
l.324 ...\catcode`\%=\active\def%{\%}$\mathdefault
                                                  {0.04}$}}%
The control sequence at the end of the top line
of your error message was never \def'ed. If you have
misspelled it (e.g., `\hobx'), type `I' and the correct
spelling (e.g., `I\hbox'). Otherwise just continue,
and I'll forget about whatever was undefined.

controls.pgf:349: Undefined control sequence.
<recently read> \mathdefault 
                             
l.349 ...\catcode`\%=\active\def%{\%}$\mathdefault
                                                  {0.06}$}}%
The control sequence at the end of the top line
of your error message was never \def'ed. If you have
misspelled it (e.g., `\hobx'), type `I' and the correct
spelling (e.g., `I\hbox'). Otherwise just continue,
and I'll forget about whatever was undefined.

controls.pgf:374: Undefined control sequence.
<recently read> \mathdefault 
                             
l.374 ...\catcode`\%=\active\def%{\%}$\mathdefault
                                                  {0.08}$}}%
The control sequence at the end of the top line
of your error message was never \def'ed. If you have
misspelled it (e.g., `\hobx'), type `I' and the correct
spelling (e.g., `I\hbox'). Otherwise just continue,
and I'll forget about whatever was undefined.

)
Overfull \hbox (117.52756pt too wide) in paragraph at lines 3535--25
 [] 
 []


LaTeX Warning: `h' float specifier changed to `ht'.

(fiveph.pgf
fiveph.pgf:93: Undefined control sequence.
<recently read> \mathdefault 
                             
l.93 ...}\catcode`\%=\active\def%{\%}$\mathdefault
                                                  {400}$}}%
The control sequence at the end of the top line
of your error message was never \def'ed. If you have
misspelled it (e.g., `\hobx'), type `I' and the correct
spelling (e.g., `I\hbox'). Otherwise just continue,
and I'll forget about whatever was undefined.

fiveph.pgf:118: Undefined control sequence.
<recently read> \mathdefault 
                             
l.118 ...\catcode`\%=\active\def%{\%}$\mathdefault
                                                  {500}$}}%
The control sequence at the end of the top line
of your error message was never \def'ed. If you have
misspelled it (e.g., `\hobx'), type `I' and the correct
spelling (e.g., `I\hbox'). Otherwise just continue,
and I'll forget about whatever was undefined.

fiveph.pgf:143: Undefined control sequence.
<recently read> \mathdefault 
                             
l.143 ...\catcode`\%=\active\def%{\%}$\mathdefault
                                                  {600}$}}%
The control sequence at the end of the top line
of your error message was never \def'ed. If you have
misspelled it (e.g., `\hobx'), type `I' and the correct
spelling (e.g., `I\hbox'). Otherwise just continue,
and I'll forget about whatever was undefined.

fiveph.pgf:168: Undefined control sequence.
<recently read> \mathdefault 
                             
l.168 ...\catcode`\%=\active\def%{\%}$\mathdefault
                                                  {700}$}}%
The control sequence at the end of the top line
of your error message was never \def'ed. If you have
misspelled it (e.g., `\hobx'), type `I' and the correct
spelling (e.g., `I\hbox'). Otherwise just continue,
and I'll forget about whatever was undefined.

fiveph.pgf:193: Undefined control sequence.
<recently read> \mathdefault 
                             
l.193 ...\catcode`\%=\active\def%{\%}$\mathdefault
                                                  {800}$}}%
The control sequence at the end of the top line
of your error message was never \def'ed. If you have
misspelled it (e.g., `\hobx'), type `I' and the correct
spelling (e.g., `I\hbox'). Otherwise just continue,
and I'll forget about whatever was undefined.

fiveph.pgf:218: Undefined control sequence.
<recently read> \mathdefault 
                             
l.218 ...\catcode`\%=\active\def%{\%}$\mathdefault
                                                  {900}$}}%
The control sequence at the end of the top line
of your error message was never \def'ed. If you have
misspelled it (e.g., `\hobx'), type `I' and the correct
spelling (e.g., `I\hbox'). Otherwise just continue,
and I'll forget about whatever was undefined.

fiveph.pgf:249: Undefined control sequence.
<recently read> \mathdefault 
                             
l.249 ...\catcode`\%=\active\def%{\%}$\mathdefault
                                                  {0.00}$}}%
The control sequence at the end of the top line
of your error message was never \def'ed. If you have
misspelled it (e.g., `\hobx'), type `I' and the correct
spelling (e.g., `I\hbox'). Otherwise just continue,
and I'll forget about whatever was undefined.

fiveph.pgf:274: Undefined control sequence.
<recently read> \mathdefault 
                             
l.274 ...\catcode`\%=\active\def%{\%}$\mathdefault
                                                  {0.05}$}}%
The control sequence at the end of the top line
of your error message was never \def'ed. If you have
misspelled it (e.g., `\hobx'), type `I' and the correct
spelling (e.g., `I\hbox'). Otherwise just continue,
and I'll forget about whatever was undefined.

fiveph.pgf:299: Undefined control sequence.
<recently read> \mathdefault 
                             
l.299 ...\catcode`\%=\active\def%{\%}$\mathdefault
                                                  {0.10}$}}%
The control sequence at the end of the top line
of your error message was never \def'ed. If you have
misspelled it (e.g., `\hobx'), type `I' and the correct
spelling (e.g., `I\hbox'). Otherwise just continue,
and I'll forget about whatever was undefined.

fiveph.pgf:324: Undefined control sequence.
<recently read> \mathdefault 
                             
l.324 ...\catcode`\%=\active\def%{\%}$\mathdefault
                                                  {0.15}$}}%
The control sequence at the end of the top line
of your error message was never \def'ed. If you have
misspelled it (e.g., `\hobx'), type `I' and the correct
spelling (e.g., `I\hbox'). Otherwise just continue,
and I'll forget about whatever was undefined.

fiveph.pgf:349: Undefined control sequence.
<recently read> \mathdefault 
                             
l.349 ...\catcode`\%=\active\def%{\%}$\mathdefault
                                                  {0.20}$}}%
The control sequence at the end of the top line
of your error message was never \def'ed. If you have
misspelled it (e.g., `\hobx'), type `I' and the correct
spelling (e.g., `I\hbox'). Otherwise just continue,
and I'll forget about whatever was undefined.

)
Overfull \hbox (117.52756pt too wide) in paragraph at lines 1853--32
 [] 
 []


LaTeX Warning: `h' float specifier changed to `ht'.

(fivefiveph.pgf
fivefiveph.pgf:93: Undefined control sequence.
<recently read> \mathdefault 
                             
l.93 ...}\catcode`\%=\active\def%{\%}$\mathdefault
                                                  {400}$}}%
The control sequence at the end of the top line
of your error message was never \def'ed. If you have
misspelled it (e.g., `\hobx'), type `I' and the correct
spelling (e.g., `I\hbox'). Otherwise just continue,
and I'll forget about whatever was undefined.

fivefiveph.pgf:118: Undefined control sequence.
<recently read> \mathdefault 
                             
l.118 ...\catcode`\%=\active\def%{\%}$\mathdefault
                                                  {500}$}}%
The control sequence at the end of the top line
of your error message was never \def'ed. If you have
misspelled it (e.g., `\hobx'), type `I' and the correct
spelling (e.g., `I\hbox'). Otherwise just continue,
and I'll forget about whatever was undefined.

fivefiveph.pgf:143: Undefined control sequence.
<recently read> \mathdefault 
                             
l.143 ...\catcode`\%=\active\def%{\%}$\mathdefault
                                                  {600}$}}%
The control sequence at the end of the top line
of your error message was never \def'ed. If you have
misspelled it (e.g., `\hobx'), type `I' and the correct
spelling (e.g., `I\hbox'). Otherwise just continue,
and I'll forget about whatever was undefined.

fivefiveph.pgf:168: Undefined control sequence.
<recently read> \mathdefault 
                             
l.168 ...\catcode`\%=\active\def%{\%}$\mathdefault
                                                  {700}$}}%
The control sequence at the end of the top line
of your error message was never \def'ed. If you have
misspelled it (e.g., `\hobx'), type `I' and the correct
spelling (e.g., `I\hbox'). Otherwise just continue,
and I'll forget about whatever was undefined.

fivefiveph.pgf:193: Undefined control sequence.
<recently read> \mathdefault 
                             
l.193 ...\catcode`\%=\active\def%{\%}$\mathdefault
                                                  {800}$}}%
The control sequence at the end of the top line
of your error message was never \def'ed. If you have
misspelled it (e.g., `\hobx'), type `I' and the correct
spelling (e.g., `I\hbox'). Otherwise just continue,
and I'll forget about whatever was undefined.

fivefiveph.pgf:218: Undefined control sequence.
<recently read> \mathdefault 
                             
l.218 ...\catcode`\%=\active\def%{\%}$\mathdefault
                                                  {900}$}}%
The control sequence at the end of the top line
of your error message was never \def'ed. If you have
misspelled it (e.g., `\hobx'), type `I' and the correct
spelling (e.g., `I\hbox'). Otherwise just continue,
and I'll forget about whatever was undefined.

fivefiveph.pgf:249: Undefined control sequence.
<recently read> \mathdefault 
                             
l.249 ...\catcode`\%=\active\def%{\%}$\mathdefault
                                                  {\ensuremath{-}0.02}$}}%
The control sequence at the end of the top line
of your error message was never \def'ed. If you have
misspelled it (e.g., `\hobx'), type `I' and the correct
spelling (e.g., `I\hbox'). Otherwise just continue,
and I'll forget about whatever was undefined.

fivefiveph.pgf:274: Undefined control sequence.
<recently read> \mathdefault 
                             
l.274 ...\catcode`\%=\active\def%{\%}$\mathdefault
                                                  {0.00}$}}%
The control sequence at the end of the top line
of your error message was never \def'ed. If you have
misspelled it (e.g., `\hobx'), type `I' and the correct
spelling (e.g., `I\hbox'). Otherwise just continue,
and I'll forget about whatever was undefined.

fivefiveph.pgf:299: Undefined control sequence.
<recently read> \mathdefault 
                             
l.299 ...\catcode`\%=\active\def%{\%}$\mathdefault
                                                  {0.02}$}}%
The control sequence at the end of the top line
of your error message was never \def'ed. If you have
misspelled it (e.g., `\hobx'), type `I' and the correct
spelling (e.g., `I\hbox'). Otherwise just continue,
and I'll forget about whatever was undefined.

fivefiveph.pgf:324: Undefined control sequence.
<recently read> \mathdefault 
                             
l.324 ...\catcode`\%=\active\def%{\%}$\mathdefault
                                                  {0.04}$}}%
The control sequence at the end of the top line
of your error message was never \def'ed. If you have
misspelled it (e.g., `\hobx'), type `I' and the correct
spelling (e.g., `I\hbox'). Otherwise just continue,
and I'll forget about whatever was undefined.

fivefiveph.pgf:349: Undefined control sequence.
<recently read> \mathdefault 
                             
l.349 ...\catcode`\%=\active\def%{\%}$\mathdefault
                                                  {0.06}$}}%
The control sequence at the end of the top line
of your error message was never \def'ed. If you have
misspelled it (e.g., `\hobx'), type `I' and the correct
spelling (e.g., `I\hbox'). Otherwise just continue,
and I'll forget about whatever was undefined.

fivefiveph.pgf:374: Undefined control sequence.
<recently read> \mathdefault 
                             
l.374 ...\catcode`\%=\active\def%{\%}$\mathdefault
                                                  {0.08}$}}%
The control sequence at the end of the top line
of your error message was never \def'ed. If you have
misspelled it (e.g., `\hobx'), type `I' and the correct
spelling (e.g., `I\hbox'). Otherwise just continue,
and I'll forget about whatever was undefined.

fivefiveph.pgf:399: Undefined control sequence.
<recently read> \mathdefault 
                             
l.399 ...\catcode`\%=\active\def%{\%}$\mathdefault
                                                  {0.10}$}}%
The control sequence at the end of the top line
of your error message was never \def'ed. If you have
misspelled it (e.g., `\hobx'), type `I' and the correct
spelling (e.g., `I\hbox'). Otherwise just continue,
and I'll forget about whatever was undefined.

fivefiveph.pgf:424: Undefined control sequence.
<recently read> \mathdefault 
                             
l.424 ...\catcode`\%=\active\def%{\%}$\mathdefault
                                                  {0.12}$}}%
The control sequence at the end of the top line
of your error message was never \def'ed. If you have
misspelled it (e.g., `\hobx'), type `I' and the correct
spelling (e.g., `I\hbox'). Otherwise just continue,
and I'll forget about whatever was undefined.

)
Overfull \hbox (117.52756pt too wide) in paragraph at lines 2071--39
 [] 
 []


LaTeX Warning: `h' float specifier changed to `ht'.

(sixph.pgf
sixph.pgf:93: Undefined control sequence.
<recently read> \mathdefault 
                             
l.93 ...}\catcode`\%=\active\def%{\%}$\mathdefault
                                                  {400}$}}%
The control sequence at the end of the top line
of your error message was never \def'ed. If you have
misspelled it (e.g., `\hobx'), type `I' and the correct
spelling (e.g., `I\hbox'). Otherwise just continue,
and I'll forget about whatever was undefined.

sixph.pgf:118: Undefined control sequence.
<recently read> \mathdefault 
                             
l.118 ...\catcode`\%=\active\def%{\%}$\mathdefault
                                                  {500}$}}%
The control sequence at the end of the top line
of your error message was never \def'ed. If you have
misspelled it (e.g., `\hobx'), type `I' and the correct
spelling (e.g., `I\hbox'). Otherwise just continue,
and I'll forget about whatever was undefined.

sixph.pgf:143: Undefined control sequence.
<recently read> \mathdefault 
                             
l.143 ...\catcode`\%=\active\def%{\%}$\mathdefault
                                                  {600}$}}%
The control sequence at the end of the top line
of your error message was never \def'ed. If you have
misspelled it (e.g., `\hobx'), type `I' and the correct
spelling (e.g., `I\hbox'). Otherwise just continue,
and I'll forget about whatever was undefined.

sixph.pgf:168: Undefined control sequence.
<recently read> \mathdefault 
                             
l.168 ...\catcode`\%=\active\def%{\%}$\mathdefault
                                                  {700}$}}%
The control sequence at the end of the top line
of your error message was never \def'ed. If you have
misspelled it (e.g., `\hobx'), type `I' and the correct
spelling (e.g., `I\hbox'). Otherwise just continue,
and I'll forget about whatever was undefined.

sixph.pgf:193: Undefined control sequence.
<recently read> \mathdefault 
                             
l.193 ...\catcode`\%=\active\def%{\%}$\mathdefault
                                                  {800}$}}%
The control sequence at the end of the top line
of your error message was never \def'ed. If you have
misspelled it (e.g., `\hobx'), type `I' and the correct
spelling (e.g., `I\hbox'). Otherwise just continue,
and I'll forget about whatever was undefined.

sixph.pgf:218: Undefined control sequence.
<recently read> \mathdefault 
                             
l.218 ...\catcode`\%=\active\def%{\%}$\mathdefault
                                                  {900}$}}%
The control sequence at the end of the top line
of your error message was never \def'ed. If you have
misspelled it (e.g., `\hobx'), type `I' and the correct
spelling (e.g., `I\hbox'). Otherwise just continue,
and I'll forget about whatever was undefined.

sixph.pgf:249: Undefined control sequence.
<recently read> \mathdefault 
                             
l.249 ...\catcode`\%=\active\def%{\%}$\mathdefault
                                                  {\ensuremath{-}0.02}$}}%
The control sequence at the end of the top line
of your error message was never \def'ed. If you have
misspelled it (e.g., `\hobx'), type `I' and the correct
spelling (e.g., `I\hbox'). Otherwise just continue,
and I'll forget about whatever was undefined.

sixph.pgf:274: Undefined control sequence.
<recently read> \mathdefault 
                             
l.274 ...\catcode`\%=\active\def%{\%}$\mathdefault
                                                  {0.00}$}}%
The control sequence at the end of the top line
of your error message was never \def'ed. If you have
misspelled it (e.g., `\hobx'), type `I' and the correct
spelling (e.g., `I\hbox'). Otherwise just continue,
and I'll forget about whatever was undefined.

sixph.pgf:299: Undefined control sequence.
<recently read> \mathdefault 
                             
l.299 ...\catcode`\%=\active\def%{\%}$\mathdefault
                                                  {0.02}$}}%
The control sequence at the end of the top line
of your error message was never \def'ed. If you have
misspelled it (e.g., `\hobx'), type `I' and the correct
spelling (e.g., `I\hbox'). Otherwise just continue,
and I'll forget about whatever was undefined.

sixph.pgf:324: Undefined control sequence.
<recently read> \mathdefault 
                             
l.324 ...\catcode`\%=\active\def%{\%}$\mathdefault
                                                  {0.04}$}}%
The control sequence at the end of the top line
of your error message was never \def'ed. If you have
misspelled it (e.g., `\hobx'), type `I' and the correct
spelling (e.g., `I\hbox'). Otherwise just continue,
and I'll forget about whatever was undefined.

sixph.pgf:349: Undefined control sequence.
<recently read> \mathdefault 
                             
l.349 ...\catcode`\%=\active\def%{\%}$\mathdefault
                                                  {0.06}$}}%
The control sequence at the end of the top line
of your error message was never \def'ed. If you have
misspelled it (e.g., `\hobx'), type `I' and the correct
spelling (e.g., `I\hbox'). Otherwise just continue,
and I'll forget about whatever was undefined.

sixph.pgf:374: Undefined control sequence.
<recently read> \mathdefault 
                             
l.374 ...\catcode`\%=\active\def%{\%}$\mathdefault
                                                  {0.08}$}}%
The control sequence at the end of the top line
of your error message was never \def'ed. If you have
misspelled it (e.g., `\hobx'), type `I' and the correct
spelling (e.g., `I\hbox'). Otherwise just continue,
and I'll forget about whatever was undefined.

sixph.pgf:399: Undefined control sequence.
<recently read> \mathdefault 
                             
l.399 ...\catcode`\%=\active\def%{\%}$\mathdefault
                                                  {0.10}$}}%
The control sequence at the end of the top line
of your error message was never \def'ed. If you have
misspelled it (e.g., `\hobx'), type `I' and the correct
spelling (e.g., `I\hbox'). Otherwise just continue,
and I'll forget about whatever was undefined.

sixph.pgf:424: Undefined control sequence.
<recently read> \mathdefault 
                             
l.424 ...\catcode`\%=\active\def%{\%}$\mathdefault
                                                  {0.12}$}}%
The control sequence at the end of the top line
of your error message was never \def'ed. If you have
misspelled it (e.g., `\hobx'), type `I' and the correct
spelling (e.g., `I\hbox'). Otherwise just continue,
and I'll forget about whatever was undefined.

)
Overfull \hbox (117.52756pt too wide) in paragraph at lines 2052--46
 [] 
 []


LaTeX Warning: `h' float specifier changed to `ht'.

(sixfiveph.pgf
sixfiveph.pgf:93: Undefined control sequence.
<recently read> \mathdefault 
                             
l.93 ...}\catcode`\%=\active\def%{\%}$\mathdefault
                                                  {400}$}}%
The control sequence at the end of the top line
of your error message was never \def'ed. If you have
misspelled it (e.g., `\hobx'), type `I' and the correct
spelling (e.g., `I\hbox'). Otherwise just continue,
and I'll forget about whatever was undefined.

sixfiveph.pgf:118: Undefined control sequence.
<recently read> \mathdefault 
                             
l.118 ...\catcode`\%=\active\def%{\%}$\mathdefault
                                                  {500}$}}%
The control sequence at the end of the top line
of your error message was never \def'ed. If you have
misspelled it (e.g., `\hobx'), type `I' and the correct
spelling (e.g., `I\hbox'). Otherwise just continue,
and I'll forget about whatever was undefined.

sixfiveph.pgf:143: Undefined control sequence.
<recently read> \mathdefault 
                             
l.143 ...\catcode`\%=\active\def%{\%}$\mathdefault
                                                  {600}$}}%
The control sequence at the end of the top line
of your error message was never \def'ed. If you have
misspelled it (e.g., `\hobx'), type `I' and the correct
spelling (e.g., `I\hbox'). Otherwise just continue,
and I'll forget about whatever was undefined.

sixfiveph.pgf:168: Undefined control sequence.
<recently read> \mathdefault 
                             
l.168 ...\catcode`\%=\active\def%{\%}$\mathdefault
                                                  {700}$}}%
The control sequence at the end of the top line
of your error message was never \def'ed. If you have
misspelled it (e.g., `\hobx'), type `I' and the correct
spelling (e.g., `I\hbox'). Otherwise just continue,
and I'll forget about whatever was undefined.

sixfiveph.pgf:193: Undefined control sequence.
<recently read> \mathdefault 
                             
l.193 ...\catcode`\%=\active\def%{\%}$\mathdefault
                                                  {800}$}}%
The control sequence at the end of the top line
of your error message was never \def'ed. If you have
misspelled it (e.g., `\hobx'), type `I' and the correct
spelling (e.g., `I\hbox'). Otherwise just continue,
and I'll forget about whatever was undefined.

sixfiveph.pgf:218: Undefined control sequence.
<recently read> \mathdefault 
                             
l.218 ...\catcode`\%=\active\def%{\%}$\mathdefault
                                                  {900}$}}%
The control sequence at the end of the top line
of your error message was never \def'ed. If you have
misspelled it (e.g., `\hobx'), type `I' and the correct
spelling (e.g., `I\hbox'). Otherwise just continue,
and I'll forget about whatever was undefined.

sixfiveph.pgf:249: Undefined control sequence.
<recently read> \mathdefault 
                             
l.249 ...\catcode`\%=\active\def%{\%}$\mathdefault
                                                  {\ensuremath{-}0.02}$}}%
The control sequence at the end of the top line
of your error message was never \def'ed. If you have
misspelled it (e.g., `\hobx'), type `I' and the correct
spelling (e.g., `I\hbox'). Otherwise just continue,
and I'll forget about whatever was undefined.

sixfiveph.pgf:274: Undefined control sequence.
<recently read> \mathdefault 
                             
l.274 ...\catcode`\%=\active\def%{\%}$\mathdefault
                                                  {0.00}$}}%
The control sequence at the end of the top line
of your error message was never \def'ed. If you have
misspelled it (e.g., `\hobx'), type `I' and the correct
spelling (e.g., `I\hbox'). Otherwise just continue,
and I'll forget about whatever was undefined.

sixfiveph.pgf:299: Undefined control sequence.
<recently read> \mathdefault 
                             
l.299 ...\catcode`\%=\active\def%{\%}$\mathdefault
                                                  {0.02}$}}%
The control sequence at the end of the top line
of your error message was never \def'ed. If you have
misspelled it (e.g., `\hobx'), type `I' and the correct
spelling (e.g., `I\hbox'). Otherwise just continue,
and I'll forget about whatever was undefined.

sixfiveph.pgf:324: Undefined control sequence.
<recently read> \mathdefault 
                             
l.324 ...\catcode`\%=\active\def%{\%}$\mathdefault
                                                  {0.04}$}}%
The control sequence at the end of the top line
of your error message was never \def'ed. If you have
misspelled it (e.g., `\hobx'), type `I' and the correct
spelling (e.g., `I\hbox'). Otherwise just continue,
and I'll forget about whatever was undefined.

sixfiveph.pgf:349: Undefined control sequence.
<recently read> \mathdefault 
                             
l.349 ...\catcode`\%=\active\def%{\%}$\mathdefault
                                                  {0.06}$}}%
The control sequence at the end of the top line
of your error message was never \def'ed. If you have
misspelled it (e.g., `\hobx'), type `I' and the correct
spelling (e.g., `I\hbox'). Otherwise just continue,
and I'll forget about whatever was undefined.

sixfiveph.pgf:374: Undefined control sequence.
<recently read> \mathdefault 
                             
l.374 ...\catcode`\%=\active\def%{\%}$\mathdefault
                                                  {0.08}$}}%
The control sequence at the end of the top line
of your error message was never \def'ed. If you have
misspelled it (e.g., `\hobx'), type `I' and the correct
spelling (e.g., `I\hbox'). Otherwise just continue,
and I'll forget about whatever was undefined.

sixfiveph.pgf:399: Undefined control sequence.
<recently read> \mathdefault 
                             
l.399 ...\catcode`\%=\active\def%{\%}$\mathdefault
                                                  {0.10}$}}%
The control sequence at the end of the top line
of your error message was never \def'ed. If you have
misspelled it (e.g., `\hobx'), type `I' and the correct
spelling (e.g., `I\hbox'). Otherwise just continue,
and I'll forget about whatever was undefined.

sixfiveph.pgf:424: Undefined control sequence.
<recently read> \mathdefault 
                             
l.424 ...\catcode`\%=\active\def%{\%}$\mathdefault
                                                  {0.12}$}}%
The control sequence at the end of the top line
of your error message was never \def'ed. If you have
misspelled it (e.g., `\hobx'), type `I' and the correct
spelling (e.g., `I\hbox'). Otherwise just continue,
and I'll forget about whatever was undefined.

sixfiveph.pgf:449: Undefined control sequence.
<recently read> \mathdefault 
                             
l.449 ...\catcode`\%=\active\def%{\%}$\mathdefault
                                                  {0.14}$}}%
The control sequence at the end of the top line
of your error message was never \def'ed. If you have
misspelled it (e.g., `\hobx'), type `I' and the correct
spelling (e.g., `I\hbox'). Otherwise just continue,
and I'll forget about whatever was undefined.

)
Overfull \hbox (117.52756pt too wide) in paragraph at lines 2039--53
 [] 
 []


LaTeX Warning: `h' float specifier changed to `ht'.

(sevenph.pgf
sevenph.pgf:93: Undefined control sequence.
<recently read> \mathdefault 
                             
l.93 ...}\catcode`\%=\active\def%{\%}$\mathdefault
                                                  {400}$}}%
The control sequence at the end of the top line
of your error message was never \def'ed. If you have
misspelled it (e.g., `\hobx'), type `I' and the correct
spelling (e.g., `I\hbox'). Otherwise just continue,
and I'll forget about whatever was undefined.

sevenph.pgf:118: Undefined control sequence.
<recently read> \mathdefault 
                             
l.118 ...\catcode`\%=\active\def%{\%}$\mathdefault
                                                  {500}$}}%
The control sequence at the end of the top line
of your error message was never \def'ed. If you have
misspelled it (e.g., `\hobx'), type `I' and the correct
spelling (e.g., `I\hbox'). Otherwise just continue,
and I'll forget about whatever was undefined.

sevenph.pgf:143: Undefined control sequence.
<recently read> \mathdefault 
                             
l.143 ...\catcode`\%=\active\def%{\%}$\mathdefault
                                                  {600}$}}%
The control sequence at the end of the top line
of your error message was never \def'ed. If you have
misspelled it (e.g., `\hobx'), type `I' and the correct
spelling (e.g., `I\hbox'). Otherwise just continue,
and I'll forget about whatever was undefined.

sevenph.pgf:168: Undefined control sequence.
<recently read> \mathdefault 
                             
l.168 ...\catcode`\%=\active\def%{\%}$\mathdefault
                                                  {700}$}}%
The control sequence at the end of the top line
of your error message was never \def'ed. If you have
misspelled it (e.g., `\hobx'), type `I' and the correct
spelling (e.g., `I\hbox'). Otherwise just continue,
and I'll forget about whatever was undefined.

sevenph.pgf:193: Undefined control sequence.
<recently read> \mathdefault 
                             
l.193 ...\catcode`\%=\active\def%{\%}$\mathdefault
                                                  {800}$}}%
The control sequence at the end of the top line
of your error message was never \def'ed. If you have
misspelled it (e.g., `\hobx'), type `I' and the correct
spelling (e.g., `I\hbox'). Otherwise just continue,
and I'll forget about whatever was undefined.

sevenph.pgf:218: Undefined control sequence.
<recently read> \mathdefault 
                             
l.218 ...\catcode`\%=\active\def%{\%}$\mathdefault
                                                  {900}$}}%
The control sequence at the end of the top line
of your error message was never \def'ed. If you have
misspelled it (e.g., `\hobx'), type `I' and the correct
spelling (e.g., `I\hbox'). Otherwise just continue,
and I'll forget about whatever was undefined.

sevenph.pgf:249: Undefined control sequence.
<recently read> \mathdefault 
                             
l.249 ...\catcode`\%=\active\def%{\%}$\mathdefault
                                                  {\ensuremath{-}0.02}$}}%
The control sequence at the end of the top line
of your error message was never \def'ed. If you have
misspelled it (e.g., `\hobx'), type `I' and the correct
spelling (e.g., `I\hbox'). Otherwise just continue,
and I'll forget about whatever was undefined.

sevenph.pgf:274: Undefined control sequence.
<recently read> \mathdefault 
                             
l.274 ...\catcode`\%=\active\def%{\%}$\mathdefault
                                                  {0.00}$}}%
The control sequence at the end of the top line
of your error message was never \def'ed. If you have
misspelled it (e.g., `\hobx'), type `I' and the correct
spelling (e.g., `I\hbox'). Otherwise just continue,
and I'll forget about whatever was undefined.

sevenph.pgf:299: Undefined control sequence.
<recently read> \mathdefault 
                             
l.299 ...\catcode`\%=\active\def%{\%}$\mathdefault
                                                  {0.02}$}}%
The control sequence at the end of the top line
of your error message was never \def'ed. If you have
misspelled it (e.g., `\hobx'), type `I' and the correct
spelling (e.g., `I\hbox'). Otherwise just continue,
and I'll forget about whatever was undefined.

sevenph.pgf:324: Undefined control sequence.
<recently read> \mathdefault 
                             
l.324 ...\catcode`\%=\active\def%{\%}$\mathdefault
                                                  {0.04}$}}%
The control sequence at the end of the top line
of your error message was never \def'ed. If you have
misspelled it (e.g., `\hobx'), type `I' and the correct
spelling (e.g., `I\hbox'). Otherwise just continue,
and I'll forget about whatever was undefined.

sevenph.pgf:349: Undefined control sequence.
<recently read> \mathdefault 
                             
l.349 ...\catcode`\%=\active\def%{\%}$\mathdefault
                                                  {0.06}$}}%
The control sequence at the end of the top line
of your error message was never \def'ed. If you have
misspelled it (e.g., `\hobx'), type `I' and the correct
spelling (e.g., `I\hbox'). Otherwise just continue,
and I'll forget about whatever was undefined.

sevenph.pgf:374: Undefined control sequence.
<recently read> \mathdefault 
                             
l.374 ...\catcode`\%=\active\def%{\%}$\mathdefault
                                                  {0.08}$}}%
The control sequence at the end of the top line
of your error message was never \def'ed. If you have
misspelled it (e.g., `\hobx'), type `I' and the correct
spelling (e.g., `I\hbox'). Otherwise just continue,
and I'll forget about whatever was undefined.

sevenph.pgf:399: Undefined control sequence.
<recently read> \mathdefault 
                             
l.399 ...\catcode`\%=\active\def%{\%}$\mathdefault
                                                  {0.10}$}}%
The control sequence at the end of the top line
of your error message was never \def'ed. If you have
misspelled it (e.g., `\hobx'), type `I' and the correct
spelling (e.g., `I\hbox'). Otherwise just continue,
and I'll forget about whatever was undefined.

sevenph.pgf:424: Undefined control sequence.
<recently read> \mathdefault 
                             
l.424 ...\catcode`\%=\active\def%{\%}$\mathdefault
                                                  {0.12}$}}%
The control sequence at the end of the top line
of your error message was never \def'ed. If you have
misspelled it (e.g., `\hobx'), type `I' and the correct
spelling (e.g., `I\hbox'). Otherwise just continue,
and I'll forget about whatever was undefined.

)
Overfull \hbox (117.52756pt too wide) in paragraph at lines 2057--60
 [] 
 []


LaTeX Warning: `h' float specifier changed to `ht'.

(sevenfiveph.pgf
sevenfiveph.pgf:93: Undefined control sequence.
<recently read> \mathdefault 
                             
l.93 ...}\catcode`\%=\active\def%{\%}$\mathdefault
                                                  {400}$}}%
The control sequence at the end of the top line
of your error message was never \def'ed. If you have
misspelled it (e.g., `\hobx'), type `I' and the correct
spelling (e.g., `I\hbox'). Otherwise just continue,
and I'll forget about whatever was undefined.

sevenfiveph.pgf:118: Undefined control sequence.
<recently read> \mathdefault 
                             
l.118 ...\catcode`\%=\active\def%{\%}$\mathdefault
                                                  {500}$}}%
The control sequence at the end of the top line
of your error message was never \def'ed. If you have
misspelled it (e.g., `\hobx'), type `I' and the correct
spelling (e.g., `I\hbox'). Otherwise just continue,
and I'll forget about whatever was undefined.

sevenfiveph.pgf:143: Undefined control sequence.
<recently read> \mathdefault 
                             
l.143 ...\catcode`\%=\active\def%{\%}$\mathdefault
                                                  {600}$}}%
The control sequence at the end of the top line
of your error message was never \def'ed. If you have
misspelled it (e.g., `\hobx'), type `I' and the correct
spelling (e.g., `I\hbox'). Otherwise just continue,
and I'll forget about whatever was undefined.

sevenfiveph.pgf:168: Undefined control sequence.
<recently read> \mathdefault 
                             
l.168 ...\catcode`\%=\active\def%{\%}$\mathdefault
                                                  {700}$}}%
The control sequence at the end of the top line
of your error message was never \def'ed. If you have
misspelled it (e.g., `\hobx'), type `I' and the correct
spelling (e.g., `I\hbox'). Otherwise just continue,
and I'll forget about whatever was undefined.

sevenfiveph.pgf:193: Undefined control sequence.
<recently read> \mathdefault 
                             
l.193 ...\catcode`\%=\active\def%{\%}$\mathdefault
                                                  {800}$}}%
The control sequence at the end of the top line
of your error message was never \def'ed. If you have
misspelled it (e.g., `\hobx'), type `I' and the correct
spelling (e.g., `I\hbox'). Otherwise just continue,
and I'll forget about whatever was undefined.

sevenfiveph.pgf:218: Undefined control sequence.
<recently read> \mathdefault 
                             
l.218 ...\catcode`\%=\active\def%{\%}$\mathdefault
                                                  {900}$}}%
The control sequence at the end of the top line
of your error message was never \def'ed. If you have
misspelled it (e.g., `\hobx'), type `I' and the correct
spelling (e.g., `I\hbox'). Otherwise just continue,
and I'll forget about whatever was undefined.

sevenfiveph.pgf:249: Undefined control sequence.
<recently read> \mathdefault 
                             
l.249 ...\catcode`\%=\active\def%{\%}$\mathdefault
                                                  {\ensuremath{-}0.08}$}}%
The control sequence at the end of the top line
of your error message was never \def'ed. If you have
misspelled it (e.g., `\hobx'), type `I' and the correct
spelling (e.g., `I\hbox'). Otherwise just continue,
and I'll forget about whatever was undefined.

sevenfiveph.pgf:274: Undefined control sequence.
<recently read> \mathdefault 
                             
l.274 ...\catcode`\%=\active\def%{\%}$\mathdefault
                                                  {\ensuremath{-}0.06}$}}%
The control sequence at the end of the top line
of your error message was never \def'ed. If you have
misspelled it (e.g., `\hobx'), type `I' and the correct
spelling (e.g., `I\hbox'). Otherwise just continue,
and I'll forget about whatever was undefined.

sevenfiveph.pgf:299: Undefined control sequence.
<recently read> \mathdefault 
                             
l.299 ...\catcode`\%=\active\def%{\%}$\mathdefault
                                                  {\ensuremath{-}0.04}$}}%
The control sequence at the end of the top line
of your error message was never \def'ed. If you have
misspelled it (e.g., `\hobx'), type `I' and the correct
spelling (e.g., `I\hbox'). Otherwise just continue,
and I'll forget about whatever was undefined.

sevenfiveph.pgf:324: Undefined control sequence.
<recently read> \mathdefault 
                             
l.324 ...\catcode`\%=\active\def%{\%}$\mathdefault
                                                  {\ensuremath{-}0.02}$}}%
The control sequence at the end of the top line
of your error message was never \def'ed. If you have
misspelled it (e.g., `\hobx'), type `I' and the correct
spelling (e.g., `I\hbox'). Otherwise just continue,
and I'll forget about whatever was undefined.

sevenfiveph.pgf:349: Undefined control sequence.
<recently read> \mathdefault 
                             
l.349 ...\catcode`\%=\active\def%{\%}$\mathdefault
                                                  {0.00}$}}%
The control sequence at the end of the top line
of your error message was never \def'ed. If you have
misspelled it (e.g., `\hobx'), type `I' and the correct
spelling (e.g., `I\hbox'). Otherwise just continue,
and I'll forget about whatever was undefined.

sevenfiveph.pgf:374: Undefined control sequence.
<recently read> \mathdefault 
                             
l.374 ...\catcode`\%=\active\def%{\%}$\mathdefault
                                                  {0.02}$}}%
The control sequence at the end of the top line
of your error message was never \def'ed. If you have
misspelled it (e.g., `\hobx'), type `I' and the correct
spelling (e.g., `I\hbox'). Otherwise just continue,
and I'll forget about whatever was undefined.

sevenfiveph.pgf:399: Undefined control sequence.
<recently read> \mathdefault 
                             
l.399 ...\catcode`\%=\active\def%{\%}$\mathdefault
                                                  {0.04}$}}%
The control sequence at the end of the top line
of your error message was never \def'ed. If you have
misspelled it (e.g., `\hobx'), type `I' and the correct
spelling (e.g., `I\hbox'). Otherwise just continue,
and I'll forget about whatever was undefined.

sevenfiveph.pgf:424: Undefined control sequence.
<recently read> \mathdefault 
                             
l.424 ...\catcode`\%=\active\def%{\%}$\mathdefault
                                                  {0.06}$}}%
The control sequence at the end of the top line
of your error message was never \def'ed. If you have
misspelled it (e.g., `\hobx'), type `I' and the correct
spelling (e.g., `I\hbox'). Otherwise just continue,
and I'll forget about whatever was undefined.

)
Overfull \hbox (117.52756pt too wide) in paragraph at lines 1550--67
 [] 
 []


LaTeX Warning: `h' float specifier changed to `ht'.

(eightph.pgf
eightph.pgf:93: Undefined control sequence.
<recently read> \mathdefault 
                             
l.93 ...}\catcode`\%=\active\def%{\%}$\mathdefault
                                                  {400}$}}%
The control sequence at the end of the top line
of your error message was never \def'ed. If you have
misspelled it (e.g., `\hobx'), type `I' and the correct
spelling (e.g., `I\hbox'). Otherwise just continue,
and I'll forget about whatever was undefined.

eightph.pgf:118: Undefined control sequence.
<recently read> \mathdefault 
                             
l.118 ...\catcode`\%=\active\def%{\%}$\mathdefault
                                                  {500}$}}%
The control sequence at the end of the top line
of your error message was never \def'ed. If you have
misspelled it (e.g., `\hobx'), type `I' and the correct
spelling (e.g., `I\hbox'). Otherwise just continue,
and I'll forget about whatever was undefined.

eightph.pgf:143: Undefined control sequence.
<recently read> \mathdefault 
                             
l.143 ...\catcode`\%=\active\def%{\%}$\mathdefault
                                                  {600}$}}%
The control sequence at the end of the top line
of your error message was never \def'ed. If you have
misspelled it (e.g., `\hobx'), type `I' and the correct
spelling (e.g., `I\hbox'). Otherwise just continue,
and I'll forget about whatever was undefined.

eightph.pgf:168: Undefined control sequence.
<recently read> \mathdefault 
                             
l.168 ...\catcode`\%=\active\def%{\%}$\mathdefault
                                                  {700}$}}%
The control sequence at the end of the top line
of your error message was never \def'ed. If you have
misspelled it (e.g., `\hobx'), type `I' and the correct
spelling (e.g., `I\hbox'). Otherwise just continue,
and I'll forget about whatever was undefined.

eightph.pgf:193: Undefined control sequence.
<recently read> \mathdefault 
                             
l.193 ...\catcode`\%=\active\def%{\%}$\mathdefault
                                                  {800}$}}%
The control sequence at the end of the top line
of your error message was never \def'ed. If you have
misspelled it (e.g., `\hobx'), type `I' and the correct
spelling (e.g., `I\hbox'). Otherwise just continue,
and I'll forget about whatever was undefined.

eightph.pgf:218: Undefined control sequence.
<recently read> \mathdefault 
                             
l.218 ...\catcode`\%=\active\def%{\%}$\mathdefault
                                                  {900}$}}%
The control sequence at the end of the top line
of your error message was never \def'ed. If you have
misspelled it (e.g., `\hobx'), type `I' and the correct
spelling (e.g., `I\hbox'). Otherwise just continue,
and I'll forget about whatever was undefined.

eightph.pgf:249: Undefined control sequence.
<recently read> \mathdefault 
                             
l.249 ...\catcode`\%=\active\def%{\%}$\mathdefault
                                                  {\ensuremath{-}0.02}$}}%
The control sequence at the end of the top line
of your error message was never \def'ed. If you have
misspelled it (e.g., `\hobx'), type `I' and the correct
spelling (e.g., `I\hbox'). Otherwise just continue,
and I'll forget about whatever was undefined.

eightph.pgf:274: Undefined control sequence.
<recently read> \mathdefault 
                             
l.274 ...\catcode`\%=\active\def%{\%}$\mathdefault
                                                  {0.00}$}}%
The control sequence at the end of the top line
of your error message was never \def'ed. If you have
misspelled it (e.g., `\hobx'), type `I' and the correct
spelling (e.g., `I\hbox'). Otherwise just continue,
and I'll forget about whatever was undefined.

eightph.pgf:299: Undefined control sequence.
<recently read> \mathdefault 
                             
l.299 ...\catcode`\%=\active\def%{\%}$\mathdefault
                                                  {0.02}$}}%
The control sequence at the end of the top line
of your error message was never \def'ed. If you have
misspelled it (e.g., `\hobx'), type `I' and the correct
spelling (e.g., `I\hbox'). Otherwise just continue,
and I'll forget about whatever was undefined.

eightph.pgf:324: Undefined control sequence.
<recently read> \mathdefault 
                             
l.324 ...\catcode`\%=\active\def%{\%}$\mathdefault
                                                  {0.04}$}}%
The control sequence at the end of the top line
of your error message was never \def'ed. If you have
misspelled it (e.g., `\hobx'), type `I' and the correct
spelling (e.g., `I\hbox'). Otherwise just continue,
and I'll forget about whatever was undefined.

eightph.pgf:349: Undefined control sequence.
<recently read> \mathdefault 
                             
l.349 ...\catcode`\%=\active\def%{\%}$\mathdefault
                                                  {0.06}$}}%
The control sequence at the end of the top line
of your error message was never \def'ed. If you have
misspelled it (e.g., `\hobx'), type `I' and the correct
spelling (e.g., `I\hbox'). Otherwise just continue,
and I'll forget about whatever was undefined.

eightph.pgf:374: Undefined control sequence.
<recently read> \mathdefault 
                             
l.374 ...\catcode`\%=\active\def%{\%}$\mathdefault
                                                  {0.08}$}}%
The control sequence at the end of the top line
of your error message was never \def'ed. If you have
misspelled it (e.g., `\hobx'), type `I' and the correct
spelling (e.g., `I\hbox'). Otherwise just continue,
and I'll forget about whatever was undefined.

eightph.pgf:399: Undefined control sequence.
<recently read> \mathdefault 
                             
l.399 ...\catcode`\%=\active\def%{\%}$\mathdefault
                                                  {0.10}$}}%
The control sequence at the end of the top line
of your error message was never \def'ed. If you have
misspelled it (e.g., `\hobx'), type `I' and the correct
spelling (e.g., `I\hbox'). Otherwise just continue,
and I'll forget about whatever was undefined.

eightph.pgf:424: Undefined control sequence.
<recently read> \mathdefault 
                             
l.424 ...\catcode`\%=\active\def%{\%}$\mathdefault
                                                  {0.12}$}}%
The control sequence at the end of the top line
of your error message was never \def'ed. If you have
misspelled it (e.g., `\hobx'), type `I' and the correct
spelling (e.g., `I\hbox'). Otherwise just continue,
and I'll forget about whatever was undefined.

)
Overfull \hbox (117.52756pt too wide) in paragraph at lines 1514--74
 [] 
 []


LaTeX Warning: `h' float specifier changed to `ht'.



[1

{C:/Users/Eliza Kishan/AppData/Local/MiKTeX/fonts/map/pdftex/pdftex.map}]

[2]

[3]

[4]

[5]

[6]

[7]

[8]

[9] (main.aux)
 ***********
LaTeX2e <2024-06-01> patch level 2
L3 programming layer <2024-08-16>
 ***********
 ) 
Here is how much of TeX's memory you used:
 22705 strings out of 473899
 622129 string characters out of 5723161
 1994960 words of memory out of 5000000
 45218 multiletter control sequences out of 15000+600000
 561272 words of font info for 47 fonts, out of 8000000 for 9000
 1141 hyphenation exceptions out of 8191
 102i,6n,107p,795b,609s stack positions out of 10000i,1000n,20000p,200000b,200000s
<C:/Users/Eliza Kishan/AppData/Local/Programs/MiKTeX/fonts/type1/public/amsfonts/cm/cmmi10.pfb><C:/Users/Eliza Kishan/AppData/Local/Programs/MiKTeX/fonts/type1/public/amsfonts/cm/cmr10.pfb><C:/Users/Eliza Kishan/AppData/Local/Programs/MiKTeX/fonts/type1/public/amsfonts/cm/cmr12.pfb><C:/Users/Eliza Kishan/AppData/Local/Programs/MiKTeX/fonts/type1/public/amsfonts/cm/cmr17.pfb><C:/Users/Eliza Kishan/AppData/Local/Programs/MiKTeX/fonts/type1/public/amsfonts/cm/cmsy10.pfb><C:/Users/Eliza Kishan/AppData/Local/Programs/MiKTeX/fonts/type1/public/amsfonts/cm/cmtt10.pfb>
Output written on main.pdf (9 pages, 223391 bytes).
PDF statistics:
 65 PDF objects out of 1000 (max. 8388607)
 0 named destinations out of 1000 (max. 500000)
 13 words of extra memory for PDF output out of 10000 (max. 10000000)

